2010-07-02 18:55:19 Warning: Warning (2): Cannot modify header information - headers already sent by (output started at C:\xampp\htdocs\cakecore\app\controllers\users_controller.php:8) in [C:\xampp\htdocs\cakecore\app\views\layouts\default.ctp, line 2]
2010-07-02 18:55:19 Warning: Warning (2): Cannot modify header information - headers already sent by (output started at C:\xampp\htdocs\cakecore\app\controllers\users_controller.php:8) in [C:\xampp\htdocs\cakecore\app\views\layouts\default.ctp, line 3]
2010-07-02 18:55:19 Warning: Warning (2): Cannot modify header information - headers already sent by (output started at C:\xampp\htdocs\cakecore\app\controllers\users_controller.php:8) in [C:\xampp\htdocs\cakecore\app\views\layouts\default.ctp, line 4]
2010-07-02 18:58:25 Warning: Warning (2): Cannot modify header information - headers already sent by (output started at C:\xampp\htdocs\cakecore\app\app_controller.php:1) in [C:\xampp\htdocs\cakecore\app\views\layouts\default.ctp, line 2]
2010-07-02 18:58:25 Warning: Warning (2): Cannot modify header information - headers already sent by (output started at C:\xampp\htdocs\cakecore\app\app_controller.php:1) in [C:\xampp\htdocs\cakecore\app\views\layouts\default.ctp, line 3]
2010-07-02 18:58:25 Warning: Warning (2): Cannot modify header information - headers already sent by (output started at C:\xampp\htdocs\cakecore\app\app_controller.php:1) in [C:\xampp\htdocs\cakecore\app\views\layouts\default.ctp, line 4]
2010-07-02 18:58:29 Warning: Warning (2): Cannot modify header information - headers already sent by (output started at C:\xampp\htdocs\cakecore\app\app_controller.php:1) in [C:\xampp\htdocs\cakecore\app\views\layouts\default.ctp, line 2]
2010-07-02 18:58:29 Warning: Warning (2): Cannot modify header information - headers already sent by (output started at C:\xampp\htdocs\cakecore\app\app_controller.php:1) in [C:\xampp\htdocs\cakecore\app\views\layouts\default.ctp, line 3]
2010-07-02 18:58:29 Warning: Warning (2): Cannot modify header information - headers already sent by (output started at C:\xampp\htdocs\cakecore\app\app_controller.php:1) in [C:\xampp\htdocs\cakecore\app\views\layouts\default.ctp, line 4]
2010-07-02 19:03:59 Warning: Warning (2): Cannot modify header information - headers already sent by (output started at C:\xampp\htdocs\cakecore\app\app_controller.php:1) in [C:\xampp\htdocs\cakecore\app\views\layouts\default.ctp, line 2]
2010-07-02 19:03:59 Warning: Warning (2): Cannot modify header information - headers already sent by (output started at C:\xampp\htdocs\cakecore\app\app_controller.php:1) in [C:\xampp\htdocs\cakecore\app\views\layouts\default.ctp, line 3]
2010-07-02 19:03:59 Warning: Warning (2): Cannot modify header information - headers already sent by (output started at C:\xampp\htdocs\cakecore\app\app_controller.php:1) in [C:\xampp\htdocs\cakecore\app\views\layouts\default.ctp, line 4]
2010-07-02 19:04:06 Warning: Warning (2): Cannot modify header information - headers already sent by (output started at C:\xampp\htdocs\cakecore\app\app_controller.php:1) in [C:\xampp\htdocs\cakecore\app\views\layouts\xml\default.ctp, line 2]
2010-07-02 19:04:06 Warning: Warning (2): Cannot modify header information - headers already sent by (output started at C:\xampp\htdocs\cakecore\app\app_controller.php:1) in [C:\xampp\htdocs\cakecore\app\views\layouts\xml\default.ctp, line 3]
2010-07-02 19:04:06 Warning: Warning (2): Cannot modify header information - headers already sent by (output started at C:\xampp\htdocs\cakecore\app\app_controller.php:1) in [C:\xampp\htdocs\cakecore\app\views\layouts\xml\default.ctp, line 4]
2010-07-02 19:04:06 Warning: Warning (2): Cannot modify header information - headers already sent by (output started at C:\xampp\htdocs\cakecore\app\app_controller.php:1) in [C:\xampp\htdocs\cakecore\app\views\layouts\xml\default.ctp, line 5]
2010-07-02 19:04:52 Warning: Warning (2): Cannot modify header information - headers already sent by (output started at C:\xampp\htdocs\cakecore\app\app_controller.php:1) in [C:\xampp\htdocs\cakecore\app\views\layouts\xml\default.ctp, line 2]
2010-07-02 19:04:52 Warning: Warning (2): Cannot modify header information - headers already sent by (output started at C:\xampp\htdocs\cakecore\app\app_controller.php:1) in [C:\xampp\htdocs\cakecore\app\views\layouts\xml\default.ctp, line 3]
2010-07-02 19:04:52 Warning: Warning (2): Cannot modify header information - headers already sent by (output started at C:\xampp\htdocs\cakecore\app\app_controller.php:1) in [C:\xampp\htdocs\cakecore\app\views\layouts\xml\default.ctp, line 4]
2010-07-02 19:04:52 Warning: Warning (2): Cannot modify header information - headers already sent by (output started at C:\xampp\htdocs\cakecore\app\app_controller.php:1) in [C:\xampp\htdocs\cakecore\app\views\layouts\xml\default.ctp, line 5]
2010-07-02 19:06:10 Warning: Warning (2): Cannot modify header information - headers already sent by (output started at C:\xampp\htdocs\cakecore\app\app_controller.php:1) in [C:\xampp\htdocs\cakecore\app\views\layouts\xml\default.ctp, line 2]
2010-07-02 19:06:10 Warning: Warning (2): Cannot modify header information - headers already sent by (output started at C:\xampp\htdocs\cakecore\app\app_controller.php:1) in [C:\xampp\htdocs\cakecore\app\views\layouts\xml\default.ctp, line 3]
2010-07-02 19:06:10 Warning: Warning (2): Cannot modify header information - headers already sent by (output started at C:\xampp\htdocs\cakecore\app\app_controller.php:1) in [C:\xampp\htdocs\cakecore\app\views\layouts\xml\default.ctp, line 4]
2010-07-02 19:06:10 Warning: Warning (2): Cannot modify header information - headers already sent by (output started at C:\xampp\htdocs\cakecore\app\app_controller.php:1) in [C:\xampp\htdocs\cakecore\app\views\layouts\xml\default.ctp, line 5]
2010-07-04 22:29:41 Warning: Warning (2): DOMDocument::loadXML() [<a href='http://php.net/domdocument.loadxml'>domdocument.loadxml</a>]: error parsing attribute name in Entity, line: 1 in [C:\xampp\htdocs\cakecore\app\views\helpers\xmlbuilder.php, line 153]
2010-07-04 22:29:41 Warning: Warning (2): DOMDocument::loadXML() [<a href='http://php.net/domdocument.loadxml'>domdocument.loadxml</a>]: attributes construct error in Entity, line: 1 in [C:\xampp\htdocs\cakecore\app\views\helpers\xmlbuilder.php, line 153]
2010-07-04 22:29:41 Warning: Warning (2): DOMDocument::loadXML() [<a href='http://php.net/domdocument.loadxml'>domdocument.loadxml</a>]: Couldn't find end of Start Tag comments line 1 in Entity, line: 1 in [C:\xampp\htdocs\cakecore\app\views\helpers\xmlbuilder.php, line 153]
2010-07-04 22:29:41 Warning: Warning (2): DOMDocument::loadXML() [<a href='http://php.net/domdocument.loadxml'>domdocument.loadxml</a>]: Extra content at the end of the document in Entity, line: 1 in [C:\xampp\htdocs\cakecore\app\views\helpers\xmlbuilder.php, line 153]
2010-07-04 22:29:41 Warning: Warning (2): DOMDocument::loadXML() [<a href='http://php.net/domdocument.loadxml'>domdocument.loadxml</a>]: Start tag expected, '&lt;' not found in Entity, line: 2 in [C:\xampp\htdocs\cakecore\app\views\helpers\xmlbuilder.php, line 164]
2010-07-04 22:29:41 Warning: Warning (2): DOMDocument::schemaValidate() [<a href='http://php.net/domdocument.schemavalidate'>domdocument.schemavalidate</a>]: The document has no document element. in [C:\xampp\htdocs\cakecore\app\views\helpers\xmlbuilder.php, line 166]
2010-07-04 23:15:07 Warning: Warning (2): DOMDocument::loadXML() [<a href='http://php.net/domdocument.loadxml'>domdocument.loadxml</a>]: Namespace prefix pp on users is not defined in Entity, line: 1 in [C:\xampp\htdocs\cakecore\app\views\helpers\xmlbuilder.php, line 153]
2010-07-05 00:14:01 Warning: Warning (2): DOMDocument::loadXML() [<a href='http://php.net/domdocument.loadxml'>domdocument.loadxml</a>]: Extra content at the end of the document in Entity, line: 1 in [C:\xampp\htdocs\cakecore\app\views\helpers\xmlbuilder.php, line 154]
2010-07-05 00:31:14 Warning: Warning (2): DOMDocument::loadXML() [<a href='http://php.net/domdocument.loadxml'>domdocument.loadxml</a>]: attributes construct error in Entity, line: 1 in [C:\xampp\htdocs\cakecore\app\views\helpers\xmlbuilder.php, line 157]
2010-07-05 00:31:14 Warning: Warning (2): DOMDocument::loadXML() [<a href='http://php.net/domdocument.loadxml'>domdocument.loadxml</a>]: Couldn't find end of Start Tag user line 1 in Entity, line: 1 in [C:\xampp\htdocs\cakecore\app\views\helpers\xmlbuilder.php, line 157]
2010-07-05 00:31:14 Warning: Warning (2): DOMDocument::loadXML() [<a href='http://php.net/domdocument.loadxml'>domdocument.loadxml</a>]: Opening and ending tag mismatch: users line 1 and user in Entity, line: 1 in [C:\xampp\htdocs\cakecore\app\views\helpers\xmlbuilder.php, line 157]
2010-07-05 00:31:14 Warning: Warning (2): DOMDocument::loadXML() [<a href='http://php.net/domdocument.loadxml'>domdocument.loadxml</a>]: Extra content at the end of the document in Entity, line: 1 in [C:\xampp\htdocs\cakecore\app\views\helpers\xmlbuilder.php, line 157]
2010-07-05 08:10:16 Warning: Warning (2): DOMDocument::loadXML() [<a href='http://php.net/domdocument.loadxml'>domdocument.loadxml</a>]: attributes construct error in Entity, line: 1 in [C:\xampp\htdocs\cakecore\app\views\helpers\xmlbuilder.php, line 158]
2010-07-05 08:10:16 Warning: Warning (2): DOMDocument::loadXML() [<a href='http://php.net/domdocument.loadxml'>domdocument.loadxml</a>]: Couldn't find end of Start Tag user line 1 in Entity, line: 1 in [C:\xampp\htdocs\cakecore\app\views\helpers\xmlbuilder.php, line 158]
2010-07-05 08:10:16 Warning: Warning (2): DOMDocument::loadXML() [<a href='http://php.net/domdocument.loadxml'>domdocument.loadxml</a>]: Opening and ending tag mismatch: users line 1 and user in Entity, line: 1 in [C:\xampp\htdocs\cakecore\app\views\helpers\xmlbuilder.php, line 158]
2010-07-05 08:10:16 Warning: Warning (2): DOMDocument::loadXML() [<a href='http://php.net/domdocument.loadxml'>domdocument.loadxml</a>]: Extra content at the end of the document in Entity, line: 1 in [C:\xampp\htdocs\cakecore\app\views\helpers\xmlbuilder.php, line 158]
2010-07-05 08:12:04 Warning: Warning (2): DOMDocument::loadXML() [<a href='http://php.net/domdocument.loadxml'>domdocument.loadxml</a>]: attributes construct error in Entity, line: 1 in [C:\xampp\htdocs\cakecore\app\views\helpers\xmlbuilder.php, line 159]
2010-07-05 08:12:04 Warning: Warning (2): DOMDocument::loadXML() [<a href='http://php.net/domdocument.loadxml'>domdocument.loadxml</a>]: Couldn't find end of Start Tag user line 1 in Entity, line: 1 in [C:\xampp\htdocs\cakecore\app\views\helpers\xmlbuilder.php, line 159]
2010-07-05 08:12:04 Warning: Warning (2): DOMDocument::loadXML() [<a href='http://php.net/domdocument.loadxml'>domdocument.loadxml</a>]: Opening and ending tag mismatch: users line 1 and user in Entity, line: 1 in [C:\xampp\htdocs\cakecore\app\views\helpers\xmlbuilder.php, line 159]
2010-07-05 08:12:04 Warning: Warning (2): DOMDocument::loadXML() [<a href='http://php.net/domdocument.loadxml'>domdocument.loadxml</a>]: Extra content at the end of the document in Entity, line: 1 in [C:\xampp\htdocs\cakecore\app\views\helpers\xmlbuilder.php, line 159]
2010-07-05 10:44:22 Warning: Warning (2): strpos() expects parameter 1 to be string, array given in [C:\xampp\htdocs\cakecore\cake\libs\xml.php, line 1294]
2010-07-05 10:44:22 Warning: Warning (2): Illegal offset type in [C:\xampp\htdocs\cakecore\cake\libs\xml.php, line 1303]
2010-07-05 10:44:37 Warning: Warning (2): strpos() expects parameter 1 to be string, array given in [C:\xampp\htdocs\cakecore\cake\libs\xml.php, line 1294]
2010-07-05 10:44:37 Warning: Warning (2): Illegal offset type in [C:\xampp\htdocs\cakecore\cake\libs\xml.php, line 1303]
2010-07-05 11:13:52 Warning: Warning (2): DOMDocument::loadXML() [<a href='http://php.net/domdocument.loadxml'>domdocument.loadxml</a>]: Start tag expected, '&lt;' not found in Entity, line: 1 in [C:\xampp\htdocs\cakecore\app\views\helpers\xmlbuilder.php, line 161]
2010-07-05 11:14:08 Warning: Warning (2): DOMDocument::loadXML() [<a href='http://php.net/domdocument.loadxml'>domdocument.loadxml</a>]: Start tag expected, '&lt;' not found in Entity, line: 1 in [C:\xampp\htdocs\cakecore\app\views\helpers\xmlbuilder.php, line 161]
2010-07-05 17:59:52 Warning: Warning (2): Cannot modify header information - headers already sent by (output started at C:\xampp\htdocs\cakecore\cake\libs\debugger.php:673) in [C:\xampp\htdocs\cakecore\app\views\layouts\xml\default.ctp, line 2]
2010-07-05 17:59:52 Warning: Warning (2): Cannot modify header information - headers already sent by (output started at C:\xampp\htdocs\cakecore\cake\libs\debugger.php:673) in [C:\xampp\htdocs\cakecore\app\views\layouts\xml\default.ctp, line 3]
2010-07-05 17:59:52 Warning: Warning (2): Cannot modify header information - headers already sent by (output started at C:\xampp\htdocs\cakecore\cake\libs\debugger.php:673) in [C:\xampp\htdocs\cakecore\app\views\layouts\xml\default.ctp, line 4]
2010-07-05 17:59:52 Warning: Warning (2): Cannot modify header information - headers already sent by (output started at C:\xampp\htdocs\cakecore\cake\libs\debugger.php:673) in [C:\xampp\htdocs\cakecore\app\views\layouts\xml\default.ctp, line 5]
2010-07-05 18:00:10 Warning: Warning (2): Cannot modify header information - headers already sent by (output started at C:\xampp\htdocs\cakecore\cake\libs\debugger.php:673) in [C:\xampp\htdocs\cakecore\app\views\layouts\xml\default.ctp, line 2]
2010-07-05 18:00:10 Warning: Warning (2): Cannot modify header information - headers already sent by (output started at C:\xampp\htdocs\cakecore\cake\libs\debugger.php:673) in [C:\xampp\htdocs\cakecore\app\views\layouts\xml\default.ctp, line 3]
2010-07-05 18:00:10 Warning: Warning (2): Cannot modify header information - headers already sent by (output started at C:\xampp\htdocs\cakecore\cake\libs\debugger.php:673) in [C:\xampp\htdocs\cakecore\app\views\layouts\xml\default.ctp, line 4]
2010-07-05 18:00:10 Warning: Warning (2): Cannot modify header information - headers already sent by (output started at C:\xampp\htdocs\cakecore\cake\libs\debugger.php:673) in [C:\xampp\htdocs\cakecore\app\views\layouts\xml\default.ctp, line 5]
2010-07-05 18:01:32 Warning: Warning (2): DOMDocument::schemaValidate() [<a href='http://php.net/domdocument.schemavalidate'>domdocument.schemavalidate</a>]: Element '{http://www-mmt.inf.tu-dresden.de/Lehre/Sommersemester_10/Vo_WME/Uebung/material/photonpainter}photo', attribute 'image_url': The attribute 'image_url' is not allowed. in [C:\xampp\htdocs\cakecore\app\views\helpers\xmlbuilder.php, line 178]
2010-07-09 00:40:00 Warning: Warning (2): getimagesize() expects parameter 1 to be string, array given in [C:\xampp\htdocs\cakecore\app\controllers\photos_controller.php, line 260]
2010-07-09 09:29:54 Warning: Warning (4096): Argument 2 passed to AppController::exifGeoCoordinateToDecimal() must be an array, null given, called in C:\xampp\htdocs\cakecore\app\controllers\photos_controller.php on line 272 and defined in [C:\xampp\htdocs\cakecore\app\controllers\app_controller.php, line 29]
2010-07-09 09:29:54 Warning: Warning (4096): Argument 2 passed to AppController::exifGeoCoordinateToDecimal() must be an array, null given, called in C:\xampp\htdocs\cakecore\app\controllers\photos_controller.php on line 273 and defined in [C:\xampp\htdocs\cakecore\app\controllers\app_controller.php, line 29]
2010-07-09 11:27:59 Warning: Warning (2): preg_match() expects parameter 2 to be string, array given in [C:\xampp\htdocs\cakecore\cake\libs\validation.php, line 946]
2010-07-09 11:28:14 Warning: Warning (2): explode() expects parameter 2 to be string, array given in [C:\xampp\htdocs\cakecore\app\controllers\photos_controller.php, line 268]
2010-07-09 11:30:02 Warning: Warning (2): explode() expects parameter 2 to be string, array given in [C:\xampp\htdocs\cakecore\app\controllers\photos_controller.php, line 260]
2010-07-09 11:30:02 Warning: Warning (2): explode() expects parameter 2 to be string, array given in [C:\xampp\htdocs\cakecore\app\controllers\photos_controller.php, line 270]
2010-07-09 11:31:09 Warning: Warning (2): preg_match() expects parameter 2 to be string, array given in [C:\xampp\htdocs\cakecore\cake\libs\validation.php, line 946]
2010-07-09 12:14:26 Warning: Warning (2): Cannot modify header information - headers already sent by (output started at C:\xampp\htdocs\cakecore\app\controllers\photos_controller.php:262) in [C:\xampp\htdocs\cakecore\cake\libs\controller\controller.php, line 746]
2010-07-09 16:10:34 Warning: Warning (2): exif_read_data() [<a href='http://php.net/function.exif-read-data'>function.exif-read-data</a>]: Unable to open file in [C:\xampp\htdocs\cakecore\app\controllers\photos_controller.php, line 263]
2010-07-09 16:10:34 Warning: Warning (2): unlink(C:\xampp\htdocs\cakecore\app\webroot\) [<a href='http://php.net/function.unlink'>function.unlink</a>]: Permission denied in [C:\xampp\htdocs\cakecore\app\controllers\photos_controller.php, line 313]
2010-07-09 16:10:35 Warning: Warning (2): exif_read_data() [<a href='http://php.net/function.exif-read-data'>function.exif-read-data</a>]: Unable to open file in [C:\xampp\htdocs\cakecore\app\controllers\photos_controller.php, line 263]
2010-07-09 16:10:35 Warning: Warning (2): unlink(C:\xampp\htdocs\cakecore\app\webroot\) [<a href='http://php.net/function.unlink'>function.unlink</a>]: Permission denied in [C:\xampp\htdocs\cakecore\app\controllers\photos_controller.php, line 313]
2010-07-09 16:12:06 Warning: Warning (2): exif_read_data() [<a href='http://php.net/function.exif-read-data'>function.exif-read-data</a>]: Unable to open file in [C:\xampp\htdocs\cakecore\app\controllers\photos_controller.php, line 264]
2010-07-09 16:14:26 Warning: Warning (2): exif_read_data() [<a href='http://php.net/function.exif-read-data'>function.exif-read-data</a>]: Unable to open file in [C:\xampp\htdocs\cakecore\app\controllers\photos_controller.php, line 265]
2010-07-09 16:14:26 Warning: Warning (2): unlink(C:\xampp\htdocs\cakecore\app\webroot\) [<a href='http://php.net/function.unlink'>function.unlink</a>]: Permission denied in [C:\xampp\htdocs\cakecore\app\controllers\photos_controller.php, line 315]
2010-07-13 10:09:36 Warning: Warning (2): unlink(C:\xampp\htdocs\cakecore\app\webroot\img\smallimg\eis.jpg) [<a href='http://php.net/function.unlink'>function.unlink</a>]: No such file or directory in [C:\xampp\htdocs\cakecore\app\controllers\photos_controller.php, line 390]
2010-07-13 10:09:36 Warning: Warning (2): unlink(C:\xampp\htdocs\cakecore\app\webroot\img	inyimg\eis.jpg) [<a href='http://php.net/function.unlink'>function.unlink</a>]: Invalid argument in [C:\xampp\htdocs\cakecore\app\controllers\photos_controller.php, line 391]
2010-07-13 10:09:36 Warning: Warning (2): unlink(C:\xampp\htdocs\cakecore\app\webroot\img	humbnail\eis.jpg) [<a href='http://php.net/function.unlink'>function.unlink</a>]: Invalid argument in [C:\xampp\htdocs\cakecore\app\controllers\photos_controller.php, line 392]
2010-07-13 10:09:58 Warning: Warning (2): unlink(C:\xampp\htdocs\cakecore\app\webroot\img\smallimg\beeren.jpg) [<a href='http://php.net/function.unlink'>function.unlink</a>]: No such file or directory in [C:\xampp\htdocs\cakecore\app\controllers\photos_controller.php, line 390]
2010-07-13 10:09:58 Warning: Warning (2): unlink(C:\xampp\htdocs\cakecore\app\webroot\img	inyimg\beeren.jpg) [<a href='http://php.net/function.unlink'>function.unlink</a>]: Invalid argument in [C:\xampp\htdocs\cakecore\app\controllers\photos_controller.php, line 391]
2010-07-13 10:09:58 Warning: Warning (2): unlink(C:\xampp\htdocs\cakecore\app\webroot\img	humbnail\beeren.jpg) [<a href='http://php.net/function.unlink'>function.unlink</a>]: Invalid argument in [C:\xampp\htdocs\cakecore\app\controllers\photos_controller.php, line 392]
2010-07-13 10:56:51 Warning: Warning (2): exif_read_data() [<a href='http://php.net/function.exif-read-data'>function.exif-read-data</a>]: Unable to open file in [C:\xampp\htdocs\cakecore\app\controllers\photos_controller.php, line 262]
2010-07-13 10:56:51 Warning: Warning (2): unlink(C:\xampp\htdocs\cakecore\app\webroot\) [<a href='http://php.net/function.unlink'>function.unlink</a>]: Permission denied in [C:\xampp\htdocs\cakecore\app\controllers\photos_controller.php, line 312]
2010-07-13 18:30:41 Warning: Warning (2): Cannot modify header information - headers already sent by (output started at C:\xampp\htdocs\cakecore\app\controllers\users_controller.php:116) in [C:\xampp\htdocs\cakecore\app\controllers\users_controller.php, line 121]
2010-07-13 18:32:39 Warning: Warning (2): Cannot modify header information - headers already sent by (output started at C:\xampp\htdocs\cakecore\app\controllers\users_controller.php:116) in [C:\xampp\htdocs\cakecore\app\controllers\users_controller.php, line 121]
2010-07-13 18:33:48 Warning: Warning (2): Cannot modify header information - headers already sent by (output started at C:\xampp\htdocs\cakecore\app\controllers\users_controller.php:116) in [C:\xampp\htdocs\cakecore\app\controllers\users_controller.php, line 121]
2010-07-13 18:34:37 Warning: Warning (2): Cannot modify header information - headers already sent by (output started at C:\xampp\htdocs\cakecore\app\controllers\users_controller.php:116) in [C:\xampp\htdocs\cakecore\app\controllers\users_controller.php, line 121]
2010-07-13 18:37:04 Warning: Warning (2): Cannot modify header information - headers already sent by (output started at C:\xampp\htdocs\cakecore\app\controllers\users_controller.php:116) in [C:\xampp\htdocs\cakecore\app\controllers\users_controller.php, line 121]
2010-07-13 22:06:21 Warning: Warning (2): Cannot modify header information - headers already sent by (output started at C:\xampp\htdocs\cakecore\app\controllers\photos_controller.php:256) in [C:\xampp\htdocs\cakecore\app\controllers\photos_controller.php, line 294]
2010-07-13 22:14:31 Warning: Warning (2): Cannot modify header information - headers already sent by (output started at C:\xampp\htdocs\cakecore\app\controllers\users_controller.php:117) in [C:\xampp\htdocs\cakecore\app\controllers\users_controller.php, line 121]
2010-07-13 22:19:24 Warning: Warning (2): Cannot modify header information - headers already sent by (output started at C:\xampp\htdocs\cakecore\app\controllers\users_controller.php:117) in [C:\xampp\htdocs\cakecore\app\controllers\users_controller.php, line 121]
2010-07-13 22:23:17 Warning: Warning (2): Cannot modify header information - headers already sent by (output started at C:\xampp\htdocs\cakecore\app\controllers\users_controller.php:117) in [C:\xampp\htdocs\cakecore\app\controllers\users_controller.php, line 121]
2010-07-13 22:24:14 Warning: Warning (2): Cannot modify header information - headers already sent by (output started at C:\xampp\htdocs\cakecore\app\controllers\users_controller.php:117) in [C:\xampp\htdocs\cakecore\app\controllers\users_controller.php, line 121]
2010-07-13 22:24:25 Warning: Warning (2): Cannot modify header information - headers already sent by (output started at C:\xampp\htdocs\cakecore\app\controllers\users_controller.php:117) in [C:\xampp\htdocs\cakecore\app\controllers\users_controller.php, line 121]
2010-07-13 22:28:08 Warning: Warning (2): Cannot modify header information - headers already sent by (output started at C:\xampp\htdocs\cakecore\app\controllers\users_controller.php:117) in [C:\xampp\htdocs\cakecore\app\controllers\users_controller.php, line 121]
2010-07-13 22:38:46 Warning: Warning (2): Cannot modify header information - headers already sent by (output started at C:\xampp\htdocs\cakecore\app\controllers\photos_controller.php:256) in [C:\xampp\htdocs\cakecore\app\controllers\photos_controller.php, line 294]
2010-07-14 20:27:05 Warning: Warning (2): exif_imagetype(E:\xampplite\htdocs\cakephp\app\webroot\\img\tinyimg\fruehling.jpg) [<a href='http://php.net/function.exif-imagetype'>function.exif-imagetype</a>]: failed to open stream: No such file or directory in [E:\xampplite\htdocs\cakephp\app\views\photos\img\index.ctp, line 6]
2010-07-14 20:27:05 Warning: Warning (2): exif_imagetype(E:\xampplite\htdocs\cakephp\app\webroot\\img\tinyimg\fruehling.jpg) [<a href='http://php.net/function.exif-imagetype'>function.exif-imagetype</a>]: failed to open stream: No such file or directory in [E:\xampplite\htdocs\cakephp\app\views\photos\img\index.ctp, line 9]
2010-07-14 20:27:26 Warning: Warning (2): exif_imagetype(E:\xampplite\htdocs\cakephp\app\webroot\\img\tinyimg\fruehling.jpg) [<a href='http://php.net/function.exif-imagetype'>function.exif-imagetype</a>]: failed to open stream: No such file or directory in [E:\xampplite\htdocs\cakephp\app\views\photos\img\index.ctp, line 6]
2010-07-14 20:27:26 Warning: Warning (2): exif_imagetype(E:\xampplite\htdocs\cakephp\app\webroot\\img\tinyimg\fruehling.jpg) [<a href='http://php.net/function.exif-imagetype'>function.exif-imagetype</a>]: failed to open stream: No such file or directory in [E:\xampplite\htdocs\cakephp\app\views\photos\img\index.ctp, line 9]
